<?xml version="1.0" encoding="UTF-8"?>
<!-- Generated by org.testng.reporters.JUnitXMLReporter -->
<testsuite hostname="DESKTOP-0J0CIBG" ignored="0" name="Regression" tests="1" failures="0" timestamp="2020-02-10T12:41:29 EST" time="0.084" errors="0">
  <testcase name="@BeforeSuite initialize" time="0.098" classname="test.TestBase">
    <failure type="java.lang.IllegalStateException" message="The driver executable does not exist: C:\Edureka1\t1\.Drivers\chromeDriver.exe">
      <![CDATA[java.lang.IllegalStateException: The driver executable does not exist: C:\Edureka1\t1\.Drivers\chromeDriver.exe
at com.google.common.base.Preconditions.checkState(Preconditions.java:585)
at org.openqa.selenium.remote.service.DriverService.checkExecutable(DriverService.java:146)
at org.openqa.selenium.remote.service.DriverService.findExecutable(DriverService.java:141)
at org.openqa.selenium.chrome.ChromeDriverService.access$000(ChromeDriverService.java:35)
at org.openqa.selenium.chrome.ChromeDriverService$Builder.findDefaultExecutable(ChromeDriverService.java:159)
at org.openqa.selenium.remote.service.DriverService$Builder.build(DriverService.java:355)
at org.openqa.selenium.chrome.ChromeDriverService.createDefaultService(ChromeDriverService.java:94)
at org.openqa.selenium.chrome.ChromeDriver.<init>(ChromeDriver.java:123)
at test.TestBase.initialize(TestBase.java:17)
... Removed 19 stack frames]]>
    </failure>
  </testcase> <!-- @BeforeSuite initialize -->
  <testcase name="loginEdureka" time="0.0" classname="test.LoginTest">
    <skipped/>
  </testcase> <!-- loginEdureka -->
</testsuite> <!-- Regression -->
